  Ă”Ă»â–“ Next.js 14.2.35
  - Environments: .env

   Creating an optimized production build ...
 Ă”ĂśĂˇ Found lockfile missing swc dependencies, patching...
 Ă”ÂżÂ» Failed to patch lockfile, please try uninstalling and reinstalling next in this workspace
TypeError: Cannot read properties of undefined (reading 'os')
    at fetchPkgInfo (C:\Users\dhiva\Documents\Angotech\premium-tech-blog\node_modules\next\dist\lib\patch-incorrect-lockfile.js:73:25)
    at process.processTicksAndRejections (node:internal/process/task_queues:95:5)
    at async Promise.all (index 1)
    at async patchIncorrectLockfile (C:\Users\dhiva\Documents\Angotech\premium-tech-blog\node_modules\next\dist\lib\patch-incorrect-lockfile.js:162:26)
 Ă”ÂŁĂ´ Compiled successfully
   Skipping linting
   Checking validity of types ...
   Collecting page data ...
   Generating static pages (0/23) ...
   Generating static pages (5/23) 
   Generating static pages (11/23) 
   Generating static pages (17/23) 
 Ă”ÂŁĂ´ Generating static pages (23/23)
   Finalizing page optimization ...
   Collecting build traces ...

Route (app)                              Size     First Load JS
Ă”Ă¶Ă® ĂŁĂ† /                                    1.39 kB         150 kB
Ă”Ă¶ÂŁ Ă”ĂąĂŻ /_not-found                          873 B          88.3 kB
Ă”Ă¶ÂŁ Ă”ĂąĂŻ /about                               197 B           149 kB
Ă”Ă¶ÂŁ ĂŁĂ† /admin                               136 B          87.6 kB
Ă”Ă¶ÂŁ ĂŁĂ† /admin/artigos                       564 B          96.7 kB
Ă”Ă¶ÂŁ ĂŁĂ† /admin/artigos/[id]/editar           145 B           153 kB
Ă”Ă¶ÂŁ ĂŁĂ† /admin/artigos/novo                  146 B           153 kB
Ă”Ă¶ÂŁ ĂŁĂ† /admin/categorias                    591 B          96.8 kB
Ă”Ă¶ÂŁ ĂŁĂ† /admin/categorias/[id]/editar        1.23 kB        97.4 kB
Ă”Ă¶ÂŁ ĂŁĂ† /admin/categorias/novo               1.23 kB        97.4 kB
Ă”Ă¶ÂŁ ĂŁĂ† /admin/subscribers                   2.27 kB         131 kB
Ă”Ă¶ÂŁ ĂŁĂ† /api/admin/artigos                   0 B                0 B
Ă”Ă¶ÂŁ ĂŁĂ† /api/admin/artigos/[id]              0 B                0 B
Ă”Ă¶ÂŁ ĂŁĂ† /api/admin/categorias                0 B                0 B
Ă”Ă¶ÂŁ ĂŁĂ† /api/admin/categorias/[id]           0 B                0 B
Ă”Ă¶ÂŁ ĂŁĂ† /api/admin/subscribers               0 B                0 B
Ă”Ă¶ÂŁ ĂŁĂ† /api/admin/upload                    0 B                0 B
Ă”Ă¶ÂŁ ĂŁĂ† /api/auth/[...nextauth]              0 B                0 B
Ă”Ă¶ÂŁ ĂŁĂ† /api/newsletter/subscribe            0 B                0 B
Ă”Ă¶ÂŁ ĂŁĂ† /api/search                          0 B                0 B
Ă”Ă¶ÂŁ ĂŁĂ† /artigo/[slug]                       3.25 kB         152 kB
Ă”Ă¶ÂŁ ĂŁĂ† /autor/[name]                        2.17 kB         151 kB
Ă”Ă¶ÂŁ ĂŁĂ† /categoria/[slug]                    2.16 kB         151 kB
Ă”Ă¶ÂŁ Ă”ĂąĂŻ /contact                             197 B           149 kB
Ă”Ă¶ÂŁ Ă”ĂąĂŻ /login                               10.8 kB         107 kB
Ă”Ă¶ÂŁ Ă”ĂąĂŻ /newsletter                          1.76 kB         150 kB
Ă”Ă¶ÂŁ Ă”ĂąĂŻ /privacy                             197 B           149 kB
Ă”Ă¶ÂŁ Ă”ĂąĂŻ /robots.txt                          0 B                0 B
Ă”Ă¶ÂŁ ĂŁĂ† /sitemap.xml                         0 B                0 B
Ă”Ă¶Ă¶ Ă”ĂąĂŻ /terms                               202 B           149 kB
+ First Load JS shared by all            87.5 kB
  Ă”Ă¶ÂŁ chunks/117-c86a41b869f6b521.js       31.7 kB
  Ă”Ă¶ÂŁ chunks/fd9d1056-6922f449a204c2cc.js  53.6 kB
  Ă”Ă¶Ă¶ other shared chunks (total)          2.1 kB


ĂŁĂ† Middleware                             47.8 kB

Ă”ĂąĂŻ  (Static)   prerendered as static content
ĂŁĂ†  (Dynamic)  server-rendered on demand

